{"/Users/lakshmanan/Desktop/Repositories/realtime-quotes/src/App.js": {"path":"/Users/lakshmanan/Desktop/Repositories/realtime-quotes/src/App.js","statementMap":{"0":{"start":{"line":10,"column":4},"end":{"line":19,"column":6}}},"fnMap":{"0":{"name":"(anonymous_0)","decl":{"start":{"line":9,"column":2},"end":{"line":9,"column":3}},"loc":{"start":{"line":9,"column":11},"end":{"line":20,"column":3}},"line":9}},"branchMap":{},"s":{"0":1},"f":{"0":1},"b":{},"_coverageSchema":"1a1c01bbd47fc00a2c39e90264f33305004495a9","hash":"5883e95094eee8394abd7cdef848a98059fab196"}
,"/Users/lakshmanan/Desktop/Repositories/realtime-quotes/src/adapters/yahoo.js": {"path":"/Users/lakshmanan/Desktop/Repositories/realtime-quotes/src/adapters/yahoo.js","statementMap":{"0":{"start":{"line":1,"column":14},"end":{"line":1,"column":30}},"1":{"start":{"line":3,"column":22},"end":{"line":16,"column":1}},"2":{"start":{"line":17,"column":19},"end":{"line":17,"column":70}},"3":{"start":{"line":19,"column":20},"end":{"line":19,"column":21}},"4":{"start":{"line":20,"column":18},"end":{"line":20,"column":97}},"5":{"start":{"line":22,"column":16},"end":{"line":22,"column":23}},"6":{"start":{"line":24,"column":17},"end":{"line":80,"column":1}},"7":{"start":{"line":26,"column":4},"end":{"line":32,"column":6}},"8":{"start":{"line":36,"column":19},"end":{"line":36,"column":67}},"9":{"start":{"line":37,"column":4},"end":{"line":48,"column":7}},"10":{"start":{"line":38,"column":6},"end":{"line":47,"column":8}},"11":{"start":{"line":52,"column":22},"end":{"line":52,"column":76}},"12":{"start":{"line":53,"column":4},"end":{"line":59,"column":5}},"13":{"start":{"line":54,"column":23},"end":{"line":54,"column":70}},"14":{"start":{"line":55,"column":6},"end":{"line":55,"column":53}},"15":{"start":{"line":57,"column":6},"end":{"line":57,"column":15}},"16":{"start":{"line":58,"column":6},"end":{"line":58,"column":33}},"17":{"start":{"line":63,"column":4},"end":{"line":63,"column":46}},"18":{"start":{"line":67,"column":4},"end":{"line":67,"column":43}},"19":{"start":{"line":71,"column":31},"end":{"line":71,"column":56}},"20":{"start":{"line":72,"column":4},"end":{"line":78,"column":5}},"21":{"start":{"line":73,"column":23},"end":{"line":73,"column":79}},"22":{"start":{"line":74,"column":6},"end":{"line":74,"column":51}},"23":{"start":{"line":76,"column":6},"end":{"line":76,"column":15}},"24":{"start":{"line":77,"column":6},"end":{"line":77,"column":33}}},"fnMap":{"0":{"name":"(anonymous_0)","decl":{"start":{"line":25,"column":16},"end":{"line":25,"column":17}},"loc":{"start":{"line":25,"column":22},"end":{"line":33,"column":3}},"line":25},"1":{"name":"(anonymous_1)","decl":{"start":{"line":35,"column":24},"end":{"line":35,"column":25}},"loc":{"start":{"line":35,"column":43},"end":{"line":49,"column":3}},"line":35},"2":{"name":"(anonymous_2)","decl":{"start":{"line":37,"column":22},"end":{"line":37,"column":23}},"loc":{"start":{"line":37,"column":33},"end":{"line":48,"column":5}},"line":37},"3":{"name":"(anonymous_3)","decl":{"start":{"line":51,"column":14},"end":{"line":51,"column":15}},"loc":{"start":{"line":51,"column":33},"end":{"line":60,"column":3}},"line":51},"4":{"name":"(anonymous_4)","decl":{"start":{"line":62,"column":20},"end":{"line":62,"column":21}},"loc":{"start":{"line":62,"column":32},"end":{"line":64,"column":3}},"line":62},"5":{"name":"(anonymous_5)","decl":{"start":{"line":66,"column":22},"end":{"line":66,"column":23}},"loc":{"start":{"line":66,"column":41},"end":{"line":68,"column":3}},"line":66},"6":{"name":"(anonymous_6)","decl":{"start":{"line":70,"column":16},"end":{"line":70,"column":17}},"loc":{"start":{"line":70,"column":33},"end":{"line":79,"column":3}},"line":70}},"branchMap":{},"s":{"0":3,"1":3,"2":3,"3":3,"4":3,"5":3,"6":3,"7":9,"8":7,"9":7,"10":5,"11":7,"12":7,"13":7,"14":7,"15":0,"16":0,"17":5,"18":2,"19":2,"20":2,"21":2,"22":2,"23":0,"24":0},"f":{"0":9,"1":7,"2":5,"3":7,"4":5,"5":2,"6":2},"b":{},"_coverageSchema":"1a1c01bbd47fc00a2c39e90264f33305004495a9","hash":"5774e0d1c6349fa6bbece64a1210b61a18145acc"}
,"/Users/lakshmanan/Desktop/Repositories/realtime-quotes/src/common/constants.js": {"path":"/Users/lakshmanan/Desktop/Repositories/realtime-quotes/src/common/constants.js","statementMap":{"0":{"start":{"line":2,"column":27},"end":{"line":2,"column":53}},"1":{"start":{"line":4,"column":33},"end":{"line":4,"column":42}}},"fnMap":{},"branchMap":{},"s":{"0":3,"1":3},"f":{},"b":{},"_coverageSchema":"1a1c01bbd47fc00a2c39e90264f33305004495a9","hash":"ec6114105074499e4fe1f0fdb12301d9b931c2ed"}
,"/Users/lakshmanan/Desktop/Repositories/realtime-quotes/src/common/utils.js": {"path":"/Users/lakshmanan/Desktop/Repositories/realtime-quotes/src/common/utils.js","statementMap":{"0":{"start":{"line":3,"column":21},"end":{"line":7,"column":1}},"1":{"start":{"line":4,"column":13},"end":{"line":4,"column":23}},"2":{"start":{"line":5,"column":15},"end":{"line":5,"column":72}},"3":{"start":{"line":6,"column":2},"end":{"line":6,"column":41}},"4":{"start":{"line":9,"column":18},"end":{"line":18,"column":1}},"5":{"start":{"line":10,"column":2},"end":{"line":16,"column":3}},"6":{"start":{"line":11,"column":22},"end":{"line":11,"column":24}},"7":{"start":{"line":12,"column":4},"end":{"line":14,"column":5}},"8":{"start":{"line":12,"column":17},"end":{"line":12,"column":18}},"9":{"start":{"line":13,"column":6},"end":{"line":13,"column":34}},"10":{"start":{"line":15,"column":4},"end":{"line":15,"column":39}},"11":{"start":{"line":17,"column":2},"end":{"line":17,"column":14}},"12":{"start":{"line":20,"column":13},"end":{"line":24,"column":1}},"13":{"start":{"line":21,"column":2},"end":{"line":23,"column":5}},"14":{"start":{"line":22,"column":4},"end":{"line":22,"column":41}},"15":{"start":{"line":26,"column":20},"end":{"line":32,"column":1}},"16":{"start":{"line":27,"column":2},"end":{"line":30,"column":3}},"17":{"start":{"line":28,"column":24},"end":{"line":28,"column":39}},"18":{"start":{"line":29,"column":4},"end":{"line":29,"column":36}},"19":{"start":{"line":31,"column":2},"end":{"line":31,"column":14}},"20":{"start":{"line":34,"column":21},"end":{"line":36,"column":1}},"21":{"start":{"line":35,"column":2},"end":{"line":35,"column":38}}},"fnMap":{"0":{"name":"(anonymous_0)","decl":{"start":{"line":3,"column":21},"end":{"line":3,"column":22}},"loc":{"start":{"line":3,"column":27},"end":{"line":7,"column":1}},"line":3},"1":{"name":"(anonymous_1)","decl":{"start":{"line":9,"column":18},"end":{"line":9,"column":19}},"loc":{"start":{"line":9,"column":31},"end":{"line":18,"column":1}},"line":9},"2":{"name":"(anonymous_2)","decl":{"start":{"line":20,"column":13},"end":{"line":20,"column":14}},"loc":{"start":{"line":20,"column":24},"end":{"line":24,"column":1}},"line":20},"3":{"name":"(anonymous_3)","decl":{"start":{"line":21,"column":22},"end":{"line":21,"column":23}},"loc":{"start":{"line":21,"column":46},"end":{"line":23,"column":3}},"line":21},"4":{"name":"(anonymous_4)","decl":{"start":{"line":26,"column":20},"end":{"line":26,"column":21}},"loc":{"start":{"line":26,"column":29},"end":{"line":32,"column":1}},"line":26},"5":{"name":"(anonymous_5)","decl":{"start":{"line":34,"column":21},"end":{"line":34,"column":22}},"loc":{"start":{"line":34,"column":33},"end":{"line":36,"column":1}},"line":34}},"branchMap":{"0":{"loc":{"start":{"line":10,"column":2},"end":{"line":16,"column":3}},"type":"if","locations":[{"start":{"line":10,"column":2},"end":{"line":16,"column":3}},{"start":{"line":10,"column":2},"end":{"line":16,"column":3}}],"line":10},"1":{"loc":{"start":{"line":27,"column":2},"end":{"line":30,"column":3}},"type":"if","locations":[{"start":{"line":27,"column":2},"end":{"line":30,"column":3}},{"start":{"line":27,"column":2},"end":{"line":30,"column":3}}],"line":27},"2":{"loc":{"start":{"line":27,"column":6},"end":{"line":27,"column":23}},"type":"binary-expr","locations":[{"start":{"line":27,"column":6},"end":{"line":27,"column":9}},{"start":{"line":27,"column":13},"end":{"line":27,"column":23}}],"line":27}},"s":{"0":3,"1":29,"2":29,"3":29,"4":3,"5":2,"6":2,"7":2,"8":2,"9":2,"10":2,"11":0,"12":3,"13":0,"14":0,"15":3,"16":4,"17":1,"18":1,"19":3,"20":3,"21":6},"f":{"0":29,"1":2,"2":0,"3":0,"4":4,"5":6},"b":{"0":[2,0],"1":[1,3],"2":[4,1]},"_coverageSchema":"1a1c01bbd47fc00a2c39e90264f33305004495a9","hash":"d2f88a9656c478caa2501bff4caabd643b484cd9"}
,"/Users/lakshmanan/Desktop/Repositories/realtime-quotes/src/components/Tab.js": {"path":"/Users/lakshmanan/Desktop/Repositories/realtime-quotes/src/components/Tab.js","statementMap":{"0":{"start":{"line":6,"column":4},"end":{"line":6,"column":17}},"1":{"start":{"line":7,"column":4},"end":{"line":7,"column":57}},"2":{"start":{"line":11,"column":4},"end":{"line":11,"column":27}},"3":{"start":{"line":12,"column":4},"end":{"line":12,"column":44}},"4":{"start":{"line":16,"column":4},"end":{"line":22,"column":6}},"5":{"start":{"line":26,"column":0},"end":{"line":30,"column":2}}},"fnMap":{"0":{"name":"(anonymous_0)","decl":{"start":{"line":5,"column":2},"end":{"line":5,"column":3}},"loc":{"start":{"line":5,"column":21},"end":{"line":8,"column":3}},"line":5},"1":{"name":"(anonymous_1)","decl":{"start":{"line":10,"column":2},"end":{"line":10,"column":3}},"loc":{"start":{"line":10,"column":24},"end":{"line":13,"column":3}},"line":10},"2":{"name":"(anonymous_2)","decl":{"start":{"line":15,"column":2},"end":{"line":15,"column":3}},"loc":{"start":{"line":15,"column":11},"end":{"line":23,"column":3}},"line":15}},"branchMap":{"0":{"loc":{"start":{"line":17,"column":29},"end":{"line":17,"column":64}},"type":"cond-expr","locations":[{"start":{"line":17,"column":51},"end":{"line":17,"column":59}},{"start":{"line":17,"column":62},"end":{"line":17,"column":64}}],"line":17}},"s":{"0":2,"1":2,"2":0,"3":0,"4":2,"5":1},"f":{"0":2,"1":0,"2":2},"b":{"0":[1,1]},"_coverageSchema":"1a1c01bbd47fc00a2c39e90264f33305004495a9","hash":"15ec2440ba49669faf5c2b5f63c4ee4fd9372876"}
,"/Users/lakshmanan/Desktop/Repositories/realtime-quotes/src/components/Tabs.js": {"path":"/Users/lakshmanan/Desktop/Repositories/realtime-quotes/src/components/Tabs.js","statementMap":{"0":{"start":{"line":6,"column":4},"end":{"line":6,"column":17}},"1":{"start":{"line":7,"column":4},"end":{"line":9,"column":6}},"2":{"start":{"line":10,"column":4},"end":{"line":10,"column":57}},"3":{"start":{"line":14,"column":4},"end":{"line":16,"column":7}},"4":{"start":{"line":21,"column":4},"end":{"line":27,"column":7}},"5":{"start":{"line":22,"column":6},"end":{"line":26,"column":9}},"6":{"start":{"line":32,"column":25},"end":{"line":32,"column":35}},"7":{"start":{"line":33,"column":31},"end":{"line":33,"column":41}},"8":{"start":{"line":34,"column":4},"end":{"line":36,"column":5}},"9":{"start":{"line":35,"column":6},"end":{"line":35,"column":53}},"10":{"start":{"line":40,"column":4},"end":{"line":49,"column":6}},"11":{"start":{"line":53,"column":0},"end":{"line":55,"column":2}},"12":{"start":{"line":57,"column":0},"end":{"line":59,"column":2}}},"fnMap":{"0":{"name":"(anonymous_0)","decl":{"start":{"line":5,"column":2},"end":{"line":5,"column":3}},"loc":{"start":{"line":5,"column":21},"end":{"line":11,"column":3}},"line":5},"1":{"name":"(anonymous_1)","decl":{"start":{"line":13,"column":2},"end":{"line":13,"column":3}},"loc":{"start":{"line":13,"column":27},"end":{"line":17,"column":3}},"line":13},"2":{"name":"(anonymous_2)","decl":{"start":{"line":20,"column":2},"end":{"line":20,"column":3}},"loc":{"start":{"line":20,"column":37},"end":{"line":28,"column":3}},"line":20},"3":{"name":"(anonymous_3)","decl":{"start":{"line":21,"column":51},"end":{"line":21,"column":52}},"loc":{"start":{"line":21,"column":69},"end":{"line":27,"column":5}},"line":21},"4":{"name":"(anonymous_4)","decl":{"start":{"line":31,"column":2},"end":{"line":31,"column":3}},"loc":{"start":{"line":31,"column":27},"end":{"line":37,"column":3}},"line":31},"5":{"name":"(anonymous_5)","decl":{"start":{"line":39,"column":2},"end":{"line":39,"column":3}},"loc":{"start":{"line":39,"column":11},"end":{"line":50,"column":3}},"line":39}},"branchMap":{"0":{"loc":{"start":{"line":34,"column":4},"end":{"line":36,"column":5}},"type":"if","locations":[{"start":{"line":34,"column":4},"end":{"line":36,"column":5}},{"start":{"line":34,"column":4},"end":{"line":36,"column":5}}],"line":34}},"s":{"0":2,"1":1,"2":1,"3":0,"4":1,"5":2,"6":1,"7":1,"8":1,"9":1,"10":1,"11":1,"12":1},"f":{"0":2,"1":0,"2":1,"3":2,"4":1,"5":1},"b":{"0":[1,0]},"_coverageSchema":"1a1c01bbd47fc00a2c39e90264f33305004495a9","hash":"8f351e8ec6ba283efca00bb7fb95ad71c407f0e8"}
,"/Users/lakshmanan/Desktop/Repositories/realtime-quotes/src/components/Ticker.js": {"path":"/Users/lakshmanan/Desktop/Repositories/realtime-quotes/src/components/Ticker.js","statementMap":{"0":{"start":{"line":10,"column":44},"end":{"line":10,"column":54}},"1":{"start":{"line":11,"column":4},"end":{"line":56,"column":6}},"2":{"start":{"line":25,"column":31},"end":{"line":25,"column":53}}},"fnMap":{"0":{"name":"(anonymous_0)","decl":{"start":{"line":9,"column":2},"end":{"line":9,"column":3}},"loc":{"start":{"line":9,"column":11},"end":{"line":57,"column":3}},"line":9},"1":{"name":"(anonymous_1)","decl":{"start":{"line":25,"column":25},"end":{"line":25,"column":26}},"loc":{"start":{"line":25,"column":31},"end":{"line":25,"column":53}},"line":25}},"branchMap":{"0":{"loc":{"start":{"line":15,"column":13},"end":{"line":19,"column":13}},"type":"cond-expr","locations":[{"start":{"line":16,"column":14},"end":{"line":16,"column":54}},{"start":{"line":18,"column":14},"end":{"line":18,"column":57}}],"line":15},"1":{"loc":{"start":{"line":23,"column":13},"end":{"line":28,"column":13}},"type":"binary-expr","locations":[{"start":{"line":23,"column":13},"end":{"line":23,"column":23}},{"start":{"line":24,"column":14},"end":{"line":27,"column":16}}],"line":23},"2":{"loc":{"start":{"line":45,"column":11},"end":{"line":53,"column":11}},"type":"cond-expr","locations":[{"start":{"line":46,"column":12},"end":{"line":48,"column":19}},{"start":{"line":50,"column":12},"end":{"line":52,"column":19}}],"line":45}},"s":{"0":6,"1":6,"2":1},"f":{"0":6,"1":1},"b":{"0":[6,0],"1":[6,3],"2":[0,6]},"_coverageSchema":"1a1c01bbd47fc00a2c39e90264f33305004495a9","hash":"fc61ba72144faeeb0d0c1f094195efae2d0b148e"}
,"/Users/lakshmanan/Desktop/Repositories/realtime-quotes/src/pages/MarketSummary.js": {"path":"/Users/lakshmanan/Desktop/Repositories/realtime-quotes/src/pages/MarketSummary.js","statementMap":{"0":{"start":{"line":12,"column":4},"end":{"line":12,"column":17}},"1":{"start":{"line":13,"column":4},"end":{"line":13,"column":50}},"2":{"start":{"line":17,"column":4},"end":{"line":17,"column":39}},"3":{"start":{"line":18,"column":19},"end":{"line":18,"column":52}},"4":{"start":{"line":19,"column":4},"end":{"line":22,"column":7}},"5":{"start":{"line":26,"column":4},"end":{"line":26,"column":29}},"6":{"start":{"line":30,"column":32},"end":{"line":30,"column":42}},"7":{"start":{"line":31,"column":4},"end":{"line":67,"column":6}},"8":{"start":{"line":48,"column":43},"end":{"line":48,"column":79}}},"fnMap":{"0":{"name":"(anonymous_0)","decl":{"start":{"line":11,"column":2},"end":{"line":11,"column":3}},"loc":{"start":{"line":11,"column":21},"end":{"line":14,"column":3}},"line":11},"1":{"name":"(anonymous_1)","decl":{"start":{"line":16,"column":2},"end":{"line":16,"column":3}},"loc":{"start":{"line":16,"column":28},"end":{"line":23,"column":3}},"line":16},"2":{"name":"(anonymous_2)","decl":{"start":{"line":25,"column":2},"end":{"line":25,"column":3}},"loc":{"start":{"line":25,"column":28},"end":{"line":27,"column":3}},"line":25},"3":{"name":"(anonymous_3)","decl":{"start":{"line":29,"column":2},"end":{"line":29,"column":3}},"loc":{"start":{"line":29,"column":11},"end":{"line":68,"column":3}},"line":29},"4":{"name":"(anonymous_4)","decl":{"start":{"line":48,"column":25},"end":{"line":48,"column":26}},"loc":{"start":{"line":48,"column":43},"end":{"line":48,"column":79}},"line":48}},"branchMap":{"0":{"loc":{"start":{"line":45,"column":13},"end":{"line":49,"column":13}},"type":"cond-expr","locations":[{"start":{"line":46,"column":14},"end":{"line":46,"column":34}},{"start":{"line":48,"column":14},"end":{"line":48,"column":80}}],"line":45}},"s":{"0":6,"1":4,"2":5,"3":5,"4":5,"5":4,"6":14,"7":14,"8":3},"f":{"0":6,"1":5,"2":4,"3":14,"4":3},"b":{"0":[5,9]},"_coverageSchema":"1a1c01bbd47fc00a2c39e90264f33305004495a9","hash":"fae4fb02e17946df570a38121754ad99eb993085"}
,"/Users/lakshmanan/Desktop/Repositories/realtime-quotes/src/pages/Watchlist.js": {"path":"/Users/lakshmanan/Desktop/Repositories/realtime-quotes/src/pages/Watchlist.js","statementMap":{"0":{"start":{"line":13,"column":4},"end":{"line":13,"column":17}},"1":{"start":{"line":15,"column":4},"end":{"line":20,"column":6}},"2":{"start":{"line":22,"column":4},"end":{"line":22,"column":39}},"3":{"start":{"line":23,"column":4},"end":{"line":23,"column":41}},"4":{"start":{"line":24,"column":4},"end":{"line":24,"column":53}},"5":{"start":{"line":25,"column":4},"end":{"line":25,"column":53}},"6":{"start":{"line":29,"column":4},"end":{"line":29,"column":38}},"7":{"start":{"line":33,"column":4},"end":{"line":33,"column":54}},"8":{"start":{"line":34,"column":4},"end":{"line":37,"column":6}},"9":{"start":{"line":41,"column":18},"end":{"line":41,"column":20}},"10":{"start":{"line":42,"column":15},"end":{"line":42,"column":17}},"11":{"start":{"line":44,"column":4},"end":{"line":44,"column":39}},"12":{"start":{"line":46,"column":4},"end":{"line":48,"column":6}},"13":{"start":{"line":49,"column":4},"end":{"line":52,"column":5}},"14":{"start":{"line":50,"column":6},"end":{"line":50,"column":50}},"15":{"start":{"line":51,"column":6},"end":{"line":51,"column":59}},"16":{"start":{"line":54,"column":4},"end":{"line":54,"column":40}},"17":{"start":{"line":58,"column":18},"end":{"line":58,"column":36}},"18":{"start":{"line":60,"column":4},"end":{"line":63,"column":5}},"19":{"start":{"line":61,"column":6},"end":{"line":61,"column":43}},"20":{"start":{"line":62,"column":6},"end":{"line":62,"column":13}},"21":{"start":{"line":65,"column":25},"end":{"line":65,"column":59}},"22":{"start":{"line":66,"column":4},"end":{"line":66,"column":51}},"23":{"start":{"line":70,"column":24},"end":{"line":70,"column":34}},"24":{"start":{"line":71,"column":4},"end":{"line":71,"column":39}},"25":{"start":{"line":72,"column":19},"end":{"line":72,"column":53}},"26":{"start":{"line":73,"column":4},"end":{"line":73,"column":48}},"27":{"start":{"line":77,"column":4},"end":{"line":77,"column":37}},"28":{"start":{"line":78,"column":22},"end":{"line":78,"column":32}},"29":{"start":{"line":81,"column":4},"end":{"line":83,"column":5}},"30":{"start":{"line":82,"column":6},"end":{"line":82,"column":30}},"31":{"start":{"line":85,"column":4},"end":{"line":85,"column":50}},"32":{"start":{"line":86,"column":4},"end":{"line":86,"column":32}},"33":{"start":{"line":87,"column":4},"end":{"line":87,"column":24}},"34":{"start":{"line":88,"column":4},"end":{"line":88,"column":26}},"35":{"start":{"line":92,"column":4},"end":{"line":92,"column":39}},"36":{"start":{"line":93,"column":30},"end":{"line":93,"column":40}},"37":{"start":{"line":95,"column":4},"end":{"line":97,"column":7}},"38":{"start":{"line":96,"column":6},"end":{"line":96,"column":29}},"39":{"start":{"line":98,"column":4},"end":{"line":100,"column":7}},"40":{"start":{"line":99,"column":6},"end":{"line":99,"column":37}},"41":{"start":{"line":102,"column":4},"end":{"line":102,"column":39}},"42":{"start":{"line":103,"column":4},"end":{"line":103,"column":32}},"43":{"start":{"line":107,"column":47},"end":{"line":107,"column":57}},"44":{"start":{"line":108,"column":4},"end":{"line":184,"column":6}},"45":{"start":{"line":122,"column":35},"end":{"line":122,"column":51}},"46":{"start":{"line":129,"column":20},"end":{"line":142,"column":22}},"47":{"start":{"line":132,"column":39},"end":{"line":132,"column":71}},"48":{"start":{"line":158,"column":18},"end":{"line":163,"column":20}}},"fnMap":{"0":{"name":"(anonymous_0)","decl":{"start":{"line":12,"column":2},"end":{"line":12,"column":3}},"loc":{"start":{"line":12,"column":21},"end":{"line":26,"column":3}},"line":12},"1":{"name":"(anonymous_1)","decl":{"start":{"line":28,"column":2},"end":{"line":28,"column":3}},"loc":{"start":{"line":28,"column":19},"end":{"line":30,"column":3}},"line":28},"2":{"name":"(anonymous_2)","decl":{"start":{"line":32,"column":2},"end":{"line":32,"column":3}},"loc":{"start":{"line":32,"column":25},"end":{"line":38,"column":3}},"line":32},"3":{"name":"(anonymous_3)","decl":{"start":{"line":40,"column":2},"end":{"line":40,"column":3}},"loc":{"start":{"line":40,"column":28},"end":{"line":55,"column":3}},"line":40},"4":{"name":"(anonymous_4)","decl":{"start":{"line":57,"column":2},"end":{"line":57,"column":3}},"loc":{"start":{"line":57,"column":22},"end":{"line":67,"column":3}},"line":57},"5":{"name":"(anonymous_5)","decl":{"start":{"line":69,"column":2},"end":{"line":69,"column":3}},"loc":{"start":{"line":69,"column":23},"end":{"line":74,"column":3}},"line":69},"6":{"name":"(anonymous_6)","decl":{"start":{"line":76,"column":2},"end":{"line":76,"column":3}},"loc":{"start":{"line":76,"column":29},"end":{"line":89,"column":3}},"line":76},"7":{"name":"(anonymous_7)","decl":{"start":{"line":91,"column":2},"end":{"line":91,"column":3}},"loc":{"start":{"line":91,"column":26},"end":{"line":104,"column":3}},"line":91},"8":{"name":"(anonymous_8)","decl":{"start":{"line":95,"column":29},"end":{"line":95,"column":30}},"loc":{"start":{"line":95,"column":45},"end":{"line":97,"column":5}},"line":95},"9":{"name":"(anonymous_9)","decl":{"start":{"line":98,"column":27},"end":{"line":98,"column":28}},"loc":{"start":{"line":98,"column":44},"end":{"line":100,"column":5}},"line":98},"10":{"name":"(anonymous_10)","decl":{"start":{"line":106,"column":2},"end":{"line":106,"column":3}},"loc":{"start":{"line":106,"column":11},"end":{"line":185,"column":3}},"line":106},"11":{"name":"(anonymous_11)","decl":{"start":{"line":122,"column":26},"end":{"line":122,"column":27}},"loc":{"start":{"line":122,"column":35},"end":{"line":122,"column":51}},"line":122},"12":{"name":"(anonymous_12)","decl":{"start":{"line":128,"column":37},"end":{"line":128,"column":38}},"loc":{"start":{"line":128,"column":56},"end":{"line":143,"column":19}},"line":128},"13":{"name":"(anonymous_13)","decl":{"start":{"line":132,"column":33},"end":{"line":132,"column":34}},"loc":{"start":{"line":132,"column":39},"end":{"line":132,"column":71}},"line":132},"14":{"name":"(anonymous_14)","decl":{"start":{"line":157,"column":27},"end":{"line":157,"column":28}},"loc":{"start":{"line":158,"column":18},"end":{"line":163,"column":20}},"line":158}},"branchMap":{"0":{"loc":{"start":{"line":49,"column":4},"end":{"line":52,"column":5}},"type":"if","locations":[{"start":{"line":49,"column":4},"end":{"line":52,"column":5}},{"start":{"line":49,"column":4},"end":{"line":52,"column":5}}],"line":49},"1":{"loc":{"start":{"line":49,"column":8},"end":{"line":49,"column":33}},"type":"binary-expr","locations":[{"start":{"line":49,"column":8},"end":{"line":49,"column":15}},{"start":{"line":49,"column":19},"end":{"line":49,"column":33}}],"line":49},"2":{"loc":{"start":{"line":60,"column":4},"end":{"line":63,"column":5}},"type":"if","locations":[{"start":{"line":60,"column":4},"end":{"line":63,"column":5}},{"start":{"line":60,"column":4},"end":{"line":63,"column":5}}],"line":60},"3":{"loc":{"start":{"line":81,"column":4},"end":{"line":83,"column":5}},"type":"if","locations":[{"start":{"line":81,"column":4},"end":{"line":83,"column":5}},{"start":{"line":81,"column":4},"end":{"line":83,"column":5}}],"line":81},"4":{"loc":{"start":{"line":126,"column":15},"end":{"line":145,"column":15}},"type":"binary-expr","locations":[{"start":{"line":126,"column":15},"end":{"line":126,"column":39}},{"start":{"line":127,"column":16},"end":{"line":144,"column":22}}],"line":126},"5":{"loc":{"start":{"line":150,"column":13},"end":{"line":152,"column":13}},"type":"binary-expr","locations":[{"start":{"line":150,"column":13},"end":{"line":150,"column":32}},{"start":{"line":151,"column":14},"end":{"line":151,"column":75}}],"line":150},"6":{"loc":{"start":{"line":154,"column":15},"end":{"line":165,"column":15}},"type":"cond-expr","locations":[{"start":{"line":155,"column":16},"end":{"line":155,"column":36}},{"start":{"line":157,"column":16},"end":{"line":164,"column":18}}],"line":154}},"s":{"0":5,"1":4,"2":4,"3":4,"4":4,"5":4,"6":1,"7":2,"8":2,"9":4,"10":4,"11":4,"12":4,"13":4,"14":1,"15":1,"16":4,"17":2,"18":2,"19":0,"20":0,"21":2,"22":2,"23":1,"24":1,"25":1,"26":1,"27":1,"28":1,"29":1,"30":1,"31":1,"32":1,"33":1,"34":1,"35":1,"36":1,"37":1,"38":1,"39":1,"40":1,"41":1,"42":1,"43":15,"44":15,"45":2,"46":4,"47":1,"48":3},"f":{"0":5,"1":1,"2":2,"3":4,"4":2,"5":1,"6":1,"7":1,"8":1,"9":1,"10":15,"11":2,"12":4,"13":1,"14":3},"b":{"0":[1,3],"1":[4,1],"2":[0,2],"3":[1,0],"4":[15,2],"5":[15,12],"6":[2,13]},"_coverageSchema":"1a1c01bbd47fc00a2c39e90264f33305004495a9","hash":"94e3cb2db7b13cd3e039af119b38f82adc6a1307"}
}
