TN:
SF:src/App.js
FN:9,(anonymous_0)
FNF:1
FNH:1
FNDA:1,(anonymous_0)
DA:10,1
LF:1
LH:1
BRF:0
BRH:0
end_of_record
TN:
SF:src/adapters/yahoo.js
FN:25,(anonymous_0)
FN:35,(anonymous_1)
FN:37,(anonymous_2)
FN:51,(anonymous_3)
FN:62,(anonymous_4)
FN:66,(anonymous_5)
FN:70,(anonymous_6)
FNF:7
FNH:7
FNDA:9,(anonymous_0)
FNDA:7,(anonymous_1)
FNDA:5,(anonymous_2)
FNDA:7,(anonymous_3)
FNDA:5,(anonymous_4)
FNDA:2,(anonymous_5)
FNDA:2,(anonymous_6)
DA:1,3
DA:3,3
DA:17,3
DA:19,3
DA:20,3
DA:22,3
DA:24,3
DA:26,9
DA:36,7
DA:37,7
DA:38,5
DA:52,7
DA:53,7
DA:54,7
DA:55,7
DA:57,0
DA:58,0
DA:63,5
DA:67,2
DA:71,2
DA:72,2
DA:73,2
DA:74,2
DA:76,0
DA:77,0
LF:25
LH:21
BRF:0
BRH:0
end_of_record
TN:
SF:src/common/constants.js
FNF:0
FNH:0
DA:2,3
DA:4,3
LF:2
LH:2
BRF:0
BRH:0
end_of_record
TN:
SF:src/common/utils.js
FN:3,(anonymous_0)
FN:9,(anonymous_1)
FN:20,(anonymous_2)
FN:21,(anonymous_3)
FN:26,(anonymous_4)
FN:34,(anonymous_5)
FNF:6
FNH:4
FNDA:29,(anonymous_0)
FNDA:2,(anonymous_1)
FNDA:0,(anonymous_2)
FNDA:0,(anonymous_3)
FNDA:4,(anonymous_4)
FNDA:6,(anonymous_5)
DA:3,3
DA:4,29
DA:5,29
DA:6,29
DA:9,3
DA:10,2
DA:11,2
DA:12,2
DA:13,2
DA:15,2
DA:17,0
DA:20,3
DA:21,0
DA:22,0
DA:26,3
DA:27,4
DA:28,1
DA:29,1
DA:31,3
DA:34,3
DA:35,6
LF:21
LH:18
BRDA:10,0,0,2
BRDA:10,0,1,0
BRDA:27,1,0,1
BRDA:27,1,1,3
BRDA:27,2,0,4
BRDA:27,2,1,1
BRF:6
BRH:5
end_of_record
TN:
SF:src/components/Tab.js
FN:5,(anonymous_0)
FN:10,(anonymous_1)
FN:15,(anonymous_2)
FNF:3
FNH:2
FNDA:2,(anonymous_0)
FNDA:0,(anonymous_1)
FNDA:2,(anonymous_2)
DA:6,2
DA:7,2
DA:11,0
DA:12,0
DA:16,2
DA:26,1
LF:6
LH:4
BRDA:17,0,0,1
BRDA:17,0,1,1
BRF:2
BRH:2
end_of_record
TN:
SF:src/components/Tabs.js
FN:5,(anonymous_0)
FN:13,(anonymous_1)
FN:20,(anonymous_2)
FN:21,(anonymous_3)
FN:31,(anonymous_4)
FN:39,(anonymous_5)
FNF:6
FNH:5
FNDA:2,(anonymous_0)
FNDA:0,(anonymous_1)
FNDA:1,(anonymous_2)
FNDA:2,(anonymous_3)
FNDA:1,(anonymous_4)
FNDA:1,(anonymous_5)
DA:6,2
DA:7,1
DA:10,1
DA:14,0
DA:21,1
DA:22,2
DA:32,1
DA:33,1
DA:34,1
DA:35,1
DA:40,1
DA:53,1
DA:57,1
LF:13
LH:12
BRDA:34,0,0,1
BRDA:34,0,1,0
BRF:2
BRH:1
end_of_record
TN:
SF:src/components/Ticker.js
FN:9,(anonymous_0)
FN:25,(anonymous_1)
FNF:2
FNH:2
FNDA:6,(anonymous_0)
FNDA:1,(anonymous_1)
DA:10,6
DA:11,6
DA:25,1
LF:3
LH:3
BRDA:15,0,0,6
BRDA:15,0,1,0
BRDA:23,1,0,6
BRDA:23,1,1,3
BRDA:45,2,0,0
BRDA:45,2,1,6
BRF:6
BRH:4
end_of_record
TN:
SF:src/pages/MarketSummary.js
FN:11,(anonymous_0)
FN:16,(anonymous_1)
FN:25,(anonymous_2)
FN:29,(anonymous_3)
FN:48,(anonymous_4)
FNF:5
FNH:5
FNDA:6,(anonymous_0)
FNDA:5,(anonymous_1)
FNDA:4,(anonymous_2)
FNDA:14,(anonymous_3)
FNDA:3,(anonymous_4)
DA:12,6
DA:13,4
DA:17,5
DA:18,5
DA:19,5
DA:26,4
DA:30,14
DA:31,14
DA:48,3
LF:9
LH:9
BRDA:45,0,0,5
BRDA:45,0,1,9
BRF:2
BRH:2
end_of_record
TN:
SF:src/pages/Watchlist.js
FN:12,(anonymous_0)
FN:28,(anonymous_1)
FN:32,(anonymous_2)
FN:40,(anonymous_3)
FN:57,(anonymous_4)
FN:69,(anonymous_5)
FN:76,(anonymous_6)
FN:91,(anonymous_7)
FN:95,(anonymous_8)
FN:98,(anonymous_9)
FN:106,(anonymous_10)
FN:122,(anonymous_11)
FN:128,(anonymous_12)
FN:132,(anonymous_13)
FN:157,(anonymous_14)
FNF:15
FNH:15
FNDA:5,(anonymous_0)
FNDA:1,(anonymous_1)
FNDA:2,(anonymous_2)
FNDA:4,(anonymous_3)
FNDA:2,(anonymous_4)
FNDA:1,(anonymous_5)
FNDA:1,(anonymous_6)
FNDA:1,(anonymous_7)
FNDA:1,(anonymous_8)
FNDA:1,(anonymous_9)
FNDA:15,(anonymous_10)
FNDA:2,(anonymous_11)
FNDA:4,(anonymous_12)
FNDA:1,(anonymous_13)
FNDA:3,(anonymous_14)
DA:13,5
DA:15,4
DA:22,4
DA:23,4
DA:24,4
DA:25,4
DA:29,1
DA:33,2
DA:34,2
DA:41,4
DA:42,4
DA:44,4
DA:46,4
DA:49,4
DA:50,1
DA:51,1
DA:54,4
DA:58,2
DA:60,2
DA:61,0
DA:62,0
DA:65,2
DA:66,2
DA:70,1
DA:71,1
DA:72,1
DA:73,1
DA:77,1
DA:78,1
DA:81,1
DA:82,1
DA:85,1
DA:86,1
DA:87,1
DA:88,1
DA:92,1
DA:93,1
DA:95,1
DA:96,1
DA:98,1
DA:99,1
DA:102,1
DA:103,1
DA:107,15
DA:108,15
DA:122,2
DA:129,4
DA:132,1
DA:158,3
LF:49
LH:47
BRDA:49,0,0,1
BRDA:49,0,1,3
BRDA:49,1,0,4
BRDA:49,1,1,1
BRDA:60,2,0,0
BRDA:60,2,1,2
BRDA:81,3,0,1
BRDA:81,3,1,0
BRDA:126,4,0,15
BRDA:126,4,1,2
BRDA:150,5,0,15
BRDA:150,5,1,12
BRDA:154,6,0,2
BRDA:154,6,1,13
BRF:14
BRH:12
end_of_record
